<?xml version="1.0" encoding="UTF-8"?>
<!-- Generated by org.testng.reporters.JUnitXMLReporter -->
<testsuite hostname="DESKTOP-6LIQUOQ" ignored="0" name="SeleniumCodingAssignment_5th_April TestCases" tests="6" failures="0" timestamp="06 Apr 2019 22:38:46 GMT" time="370.598" errors="0">
  <testcase name="validateSearch" time="51.666" classname="com.ca.testcases.HomePageTest"/>
  <testcase name="verify_Agent_Name" time="0.063" classname="com.ca.testcases.AgentPageTest"/>
  <testcase name="printAgentdetails" time="0.108" classname="com.ca.testcases.PropertyDetailsPageTest"/>
  <testcase name="PrintPriceList" time="1.368" classname="com.ca.testcases.PropertyPageTest"/>
  <testcase name="clickOnAgentNameLink" time="3.885" classname="com.ca.testcases.PropertyDetailsPageTest"/>
  <testcase name="click_on_5th_property" time="6.803" classname="com.ca.testcases.PropertyPageTest"/>
</testsuite> <!-- SeleniumCodingAssignment_5th_April TestCases -->
