<?xml version="1.0" encoding="UTF-8"?>
<testng-results skipped="0" failed="0" ignored="0" total="6" passed="6">
  <reporter-output>
  </reporter-output>
  <suite name="SeleniumCodingAssignment_5th_April" duration-ms="370598" started-at="2019-04-06T22:32:30Z" finished-at="2019-04-06T22:38:41Z">
    <groups>
    </groups>
    <test name="SeleniumCodingAssignment_5th_April TestCases" duration-ms="370598" started-at="2019-04-06T22:32:30Z" finished-at="2019-04-06T22:38:41Z">
      <class name="com.ca.testcases.PropertyDetailsPageTest">
        <test-method status="PASS" signature="SetUp()[pri:0, instance:com.ca.testcases.PropertyDetailsPageTest@4501b7af]" name="SetUp" is-config="true" duration-ms="44885" started-at="2019-04-06T18:35:49Z" finished-at="2019-04-06T18:36:34Z">
          <reporter-output>
          </reporter-output>
        </test-method> <!-- SetUp -->
        <test-method status="PASS" signature="printAgentdetails()[pri:1, instance:com.ca.testcases.PropertyDetailsPageTest@4501b7af]" name="printAgentdetails" duration-ms="108" started-at="2019-04-06T18:36:34Z" finished-at="2019-04-06T18:36:34Z">
          <reporter-output>
          </reporter-output>
        </test-method> <!-- printAgentdetails -->
        <test-method status="PASS" signature="TearDown()[pri:0, instance:com.ca.testcases.PropertyDetailsPageTest@4501b7af]" name="TearDown" is-config="true" duration-ms="3905" started-at="2019-04-06T18:36:34Z" finished-at="2019-04-06T18:36:38Z">
          <reporter-output>
          </reporter-output>
        </test-method> <!-- TearDown -->
        <test-method status="PASS" signature="SetUp()[pri:0, instance:com.ca.testcases.PropertyDetailsPageTest@4501b7af]" name="SetUp" is-config="true" duration-ms="39924" started-at="2019-04-06T18:37:16Z" finished-at="2019-04-06T18:37:56Z">
          <reporter-output>
          </reporter-output>
        </test-method> <!-- SetUp -->
        <test-method status="PASS" signature="clickOnAgentNameLink()[pri:2, instance:com.ca.testcases.PropertyDetailsPageTest@4501b7af]" name="clickOnAgentNameLink" duration-ms="3885" started-at="2019-04-06T18:37:56Z" finished-at="2019-04-06T18:38:00Z">
          <reporter-output>
          </reporter-output>
        </test-method> <!-- clickOnAgentNameLink -->
        <test-method status="PASS" signature="TearDown()[pri:0, instance:com.ca.testcases.PropertyDetailsPageTest@4501b7af]" name="TearDown" is-config="true" duration-ms="3873" started-at="2019-04-06T18:38:00Z" finished-at="2019-04-06T18:38:03Z">
          <reporter-output>
          </reporter-output>
        </test-method> <!-- TearDown -->
      </class> <!-- com.ca.testcases.PropertyDetailsPageTest -->
      <class name="com.ca.testcases.AgentPageTest">
        <test-method status="PASS" signature="SetUp()[pri:0, instance:com.ca.testcases.AgentPageTest@5b275dab]" name="SetUp" is-config="true" duration-ms="103851" started-at="2019-04-06T18:34:01Z" finished-at="2019-04-06T18:35:45Z">
          <reporter-output>
          </reporter-output>
        </test-method> <!-- SetUp -->
        <test-method status="PASS" signature="verify_Agent_Name()[pri:0, instance:com.ca.testcases.AgentPageTest@5b275dab]" name="verify_Agent_Name" duration-ms="63" started-at="2019-04-06T18:35:45Z" finished-at="2019-04-06T18:35:45Z">
          <reporter-output>
          </reporter-output>
        </test-method> <!-- verify_Agent_Name -->
        <test-method status="PASS" signature="TearDown()[pri:0, instance:com.ca.testcases.AgentPageTest@5b275dab]" name="TearDown" is-config="true" duration-ms="4082" started-at="2019-04-06T18:35:45Z" finished-at="2019-04-06T18:35:49Z">
          <reporter-output>
          </reporter-output>
        </test-method> <!-- TearDown -->
      </class> <!-- com.ca.testcases.AgentPageTest -->
      <class name="com.ca.testcases.HomePageTest">
        <test-method status="PASS" signature="SetUp()[pri:0, instance:com.ca.testcases.HomePageTest@28d25987]" name="SetUp" is-config="true" duration-ms="34671" started-at="2019-04-06T18:32:30Z" finished-at="2019-04-06T18:33:05Z">
          <reporter-output>
          </reporter-output>
        </test-method> <!-- SetUp -->
        <test-method status="PASS" signature="validateSearch()[pri:0, instance:com.ca.testcases.HomePageTest@28d25987]" name="validateSearch" duration-ms="51666" started-at="2019-04-06T18:33:05Z" finished-at="2019-04-06T18:33:57Z">
          <reporter-output>
          </reporter-output>
        </test-method> <!-- validateSearch -->
        <test-method status="PASS" signature="TearDown()[pri:0, instance:com.ca.testcases.HomePageTest@28d25987]" name="TearDown" is-config="true" duration-ms="4617" started-at="2019-04-06T18:33:57Z" finished-at="2019-04-06T18:34:01Z">
          <reporter-output>
          </reporter-output>
        </test-method> <!-- TearDown -->
      </class> <!-- com.ca.testcases.HomePageTest -->
      <class name="com.ca.testcases.PropertyPageTest">
        <test-method status="PASS" signature="SetUp()[pri:0, instance:com.ca.testcases.PropertyPageTest@523884b2]" name="SetUp" is-config="true" duration-ms="32159" started-at="2019-04-06T18:36:38Z" finished-at="2019-04-06T18:37:10Z">
          <reporter-output>
          </reporter-output>
        </test-method> <!-- SetUp -->
        <test-method status="PASS" signature="PrintPriceList()[pri:1, instance:com.ca.testcases.PropertyPageTest@523884b2]" name="PrintPriceList" duration-ms="1368" started-at="2019-04-06T18:37:10Z" finished-at="2019-04-06T18:37:12Z">
          <reporter-output>
          </reporter-output>
        </test-method> <!-- PrintPriceList -->
        <test-method status="PASS" signature="TearDown()[pri:0, instance:com.ca.testcases.PropertyPageTest@523884b2]" name="TearDown" is-config="true" duration-ms="4021" started-at="2019-04-06T18:37:12Z" finished-at="2019-04-06T18:37:16Z">
          <reporter-output>
          </reporter-output>
        </test-method> <!-- TearDown -->
        <test-method status="PASS" signature="SetUp()[pri:0, instance:com.ca.testcases.PropertyPageTest@523884b2]" name="SetUp" is-config="true" duration-ms="26141" started-at="2019-04-06T18:38:03Z" finished-at="2019-04-06T18:38:30Z">
          <reporter-output>
          </reporter-output>
        </test-method> <!-- SetUp -->
        <test-method status="PASS" signature="click_on_5th_property()[pri:2, instance:com.ca.testcases.PropertyPageTest@523884b2]" name="click_on_5th_property" duration-ms="6803" started-at="2019-04-06T18:38:30Z" finished-at="2019-04-06T18:38:36Z">
          <reporter-output>
          </reporter-output>
        </test-method> <!-- click_on_5th_property -->
        <test-method status="PASS" signature="TearDown()[pri:0, instance:com.ca.testcases.PropertyPageTest@523884b2]" name="TearDown" is-config="true" duration-ms="4507" started-at="2019-04-06T18:38:36Z" finished-at="2019-04-06T18:38:41Z">
          <reporter-output>
          </reporter-output>
        </test-method> <!-- TearDown -->
      </class> <!-- com.ca.testcases.PropertyPageTest -->
    </test> <!-- SeleniumCodingAssignment_5th_April TestCases -->
  </suite> <!-- SeleniumCodingAssignment_5th_April -->
</testng-results>
